[ 2017-03-29T11:02:38+08:00 ] 127.0.0.1 /index.php?m=Home&c=Api&a=issetMobile&mobile=13113671454
INFO: [ app_init ] --START--
INFO: Run Behavior\BuildLiteBehavior [ RunTime:0.000000s ]
INFO: [ app_init ] --END-- [ RunTime:0.000000s ]
INFO: [ app_begin ] --START--
INFO: Run Behavior\ReadHtmlCacheBehavior [ RunTime:0.000000s ]
INFO: [ app_begin ] --END-- [ RunTime:0.000000s ]

[ 2017-03-29T11:03:45+08:00 ] 127.0.0.1 /index.php?m=Home&c=Api&a=issetMobile&mobile=13113671454
INFO: [ app_init ] --START--
INFO: Run Behavior\BuildLiteBehavior [ RunTime:0.000000s ]
INFO: [ app_init ] --END-- [ RunTime:0.001001s ]
INFO: [ app_begin ] --START--
INFO: Run Behavior\ReadHtmlCacheBehavior [ RunTime:0.000000s ]
INFO: [ app_begin ] --END-- [ RunTime:0.001000s ]

[ 2017-03-29T11:03:53+08:00 ] 127.0.0.1 /index.php?m=Home&c=Cart&a=header_cart_list
INFO: [ app_init ] --START--
INFO: Run Behavior\BuildLiteBehavior [ RunTime:0.000000s ]
INFO: [ app_init ] --END-- [ RunTime:0.001000s ]
INFO: [ app_begin ] --START--
INFO: Run Behavior\ReadHtmlCacheBehavior [ RunTime:0.001000s ]
INFO: [ app_begin ] --END-- [ RunTime:0.001000s ]
NOTIC: [8] Use of undefined constant discount - assumed 'discount' D:\phpStudy\WWW\tpshop\Application\Home\Controller\CartController.class.php 第 37 行.
NOTIC: [8] Use of undefined constant discount - assumed 'discount' D:\phpStudy\WWW\tpshop\Application\Home\Controller\CartController.class.php 第 37 行.
NOTIC: [8] Use of undefined constant discount - assumed 'discount' D:\phpStudy\WWW\tpshop\Application\Home\Controller\CartController.class.php 第 37 行.
NOTIC: [8] Use of undefined constant discount - assumed 'discount' D:\phpStudy\WWW\tpshop\Application\Home\Controller\CartController.class.php 第 38 行.
NOTIC: [8] Use of undefined constant user_id - assumed 'user_id' D:\phpStudy\WWW\tpshop\Application\Home\Controller\CartController.class.php 第 38 行.
NOTIC: [8] Use of undefined constant user_id - assumed 'user_id' D:\phpStudy\WWW\tpshop\Application\Home\Logic\CartLogic.class.php 第 160 行.
INFO: [ view_begin ] --START--
INFO: Run Home\Behaviors\testBehavior [ RunTime:0.000000s ]
INFO: [ view_begin ] --END-- [ RunTime:0.001000s ]
INFO: [ view_parse ] --START--
INFO: [ template_filter ] --START--
INFO: Run Behavior\ContentReplaceBehavior [ RunTime:0.000000s ]
INFO: [ template_filter ] --END-- [ RunTime:0.000000s ]
NOTIC: [8] Use of undefined constant num - assumed 'num' D:\phpStudy\WWW\tpshop\Application\Runtime\Cache\Home\ecd6c5bea5115879e25bfec4026f713b.php 第 35 行.
NOTIC: [8] Use of undefined constant total_fee - assumed 'total_fee' D:\phpStudy\WWW\tpshop\Application\Runtime\Cache\Home\ecd6c5bea5115879e25bfec4026f713b.php 第 35 行.
NOTIC: [8] Use of undefined constant anum - assumed 'anum' D:\phpStudy\WWW\tpshop\Application\Runtime\Cache\Home\ecd6c5bea5115879e25bfec4026f713b.php 第 39 行.
NOTIC: [8] Undefined index: anum D:\phpStudy\WWW\tpshop\Application\Runtime\Cache\Home\ecd6c5bea5115879e25bfec4026f713b.php 第 39 行.
INFO: Run Behavior\ParseTemplateBehavior [ RunTime:0.009000s ]
INFO: [ view_parse ] --END-- [ RunTime:0.009000s ]
INFO: [ view_filter ] --START--
INFO: Run Behavior\WriteHtmlCacheBehavior [ RunTime:0.001000s ]
INFO: Run Behavior\TokenBuildBehavior [ RunTime:0.000000s ]
INFO: [ view_filter ] --END-- [ RunTime:0.001000s ]
INFO: [ app_end ] --START--
INFO: Run Behavior\ShowPageTraceBehavior [ RunTime:0.001000s ]
INFO: [ app_end ] --END-- [ RunTime:0.001000s ]

