2017-03-29 11:02:40	{"error_response":{"code":29,"msg":"Invalid app Key","sub_code":"isv.appkey-not-exists","request_id":"el0khwntihtm"}}
2017-03-29 11:02:40	{"error_response":{"code":29,"msg":"Invalid app Key","sub_code":"isv.appkey-not-exists","request_id":"z27dyd0k7emj"}}
2017-03-29 11:02:40	{"error_response":{"code":29,"msg":"Invalid app Key","sub_code":"isv.appkey-not-exists","request_id":"z2arjyx4pu71"}}
2017-03-29 11:02:41	{"error_response":{"code":29,"msg":"Invalid app Key","sub_code":"isv.appkey-not-exists","request_id":"13oz9p172w23c"}}
2017-03-29 11:02:41	{"error_response":{"code":29,"msg":"Invalid app Key","sub_code":"isv.appkey-not-exists","request_id":"3bsp56dkel82"}}
2017-03-29 11:02:41	{"error_response":{"code":29,"msg":"Invalid app Key","sub_code":"isv.appkey-not-exists","request_id":"uts24yl83fq"}}
2017-03-29 11:02:48	{"error_response":{"code":29,"msg":"Invalid app Key","sub_code":"isv.appkey-not-exists","request_id":"zddrz00mm1fn"}}
2017-03-29 11:02:49	{"error_response":{"code":29,"msg":"Invalid app Key","sub_code":"isv.appkey-not-exists","request_id":"isgtzfyjh3ze"}}
2017-03-29 11:02:49	{"error_response":{"code":29,"msg":"Invalid app Key","sub_code":"isv.appkey-not-exists","request_id":"z28y2so1um5h"}}
2017-03-29 11:02:49	{"error_response":{"code":29,"msg":"Invalid app Key","sub_code":"isv.appkey-not-exists","request_id":"yewxh5xs7lm"}}
2017-03-29 11:02:49	{"error_response":{"code":29,"msg":"Invalid app Key","sub_code":"isv.appkey-not-exists","request_id":"yf6a7rtx6jw"}}
2017-03-29 11:02:50	{"error_response":{"code":29,"msg":"Invalid app Key","sub_code":"isv.appkey-not-exists","request_id":"uvy0ap5fxo3"}}
2017-03-29 11:02:50	{"error_response":{"code":29,"msg":"Invalid app Key","sub_code":"isv.appkey-not-exists","request_id":"z251rpjprho9"}}
2017-03-29 11:02:50	{"error_response":{"code":29,"msg":"Invalid app Key","sub_code":"isv.appkey-not-exists","request_id":"qm4urssqx7c3"}}
2017-03-29 11:02:58	{"error_response":{"code":29,"msg":"Invalid app Key","sub_code":"isv.appkey-not-exists","request_id":"iv1xsaiivzrb"}}
2017-03-29 11:02:59	{"error_response":{"code":29,"msg":"Invalid app Key","sub_code":"isv.appkey-not-exists","request_id":"utoxw3lcsu7"}}
2017-03-29 11:02:59	{"error_response":{"code":29,"msg":"Invalid app Key","sub_code":"isv.appkey-not-exists","request_id":"rxnnqd2bpbmw"}}
2017-03-29 11:02:59	{"error_response":{"code":29,"msg":"Invalid app Key","sub_code":"isv.appkey-not-exists","request_id":"qm4ojb2b3bak"}}
2017-03-29 11:02:59	{"error_response":{"code":29,"msg":"Invalid app Key","sub_code":"isv.appkey-not-exists","request_id":"3i4b4n1avlfo"}}
2017-03-29 11:02:59	{"error_response":{"code":29,"msg":"Invalid app Key","sub_code":"isv.appkey-not-exists","request_id":"eoniuf4l39ol"}}
2017-03-29 11:03:00	{"error_response":{"code":29,"msg":"Invalid app Key","sub_code":"isv.appkey-not-exists","request_id":"2rx7pwosz66m"}}
2017-03-29 11:03:00	{"error_response":{"code":29,"msg":"Invalid app Key","sub_code":"isv.appkey-not-exists","request_id":"3dp4bt66wb0m"}}
2017-03-29 11:03:00	{"error_response":{"code":29,"msg":"Invalid app Key","sub_code":"isv.appkey-not-exists","request_id":"ektjxy950d5l"}}
